app/build/intermediates/manifest_merge_blame_file/debug/manifest-merger-blame-debug-report.txt
1<?xml version="1.0" encoding="utf-8"?>
2<manifest xmlns:android="http://schemas.android.com/apk/res/android"
3    package="com.vonnegut.app"
4    android:versionCode="1"
5    android:versionName="1.0" >
6
7    <uses-sdk
8        android:minSdkVersion="24"
9        android:targetSdkVersion="34" />
10
11    <uses-permission android:name="android.permission.RECORD_AUDIO" />
11-->src/main/AndroidManifest.xml:4:5-71
11-->src/main/AndroidManifest.xml:4:22-68
12    <uses-permission android:name="android.permission.INTERNET" />
12-->src/main/AndroidManifest.xml:5:5-67
12-->src/main/AndroidManifest.xml:5:22-64
13    <uses-permission
13-->src/main/AndroidManifest.xml:6:5-7:38
14        android:name="android.permission.READ_EXTERNAL_STORAGE"
14-->src/main/AndroidManifest.xml:6:22-77
15        android:maxSdkVersion="32" />
15-->src/main/AndroidManifest.xml:7:9-35
16
17    <permission
17-->[androidx.core:core:1.12.0] AndroidManifest.xml:22:5-24:47
18        android:name="com.vonnegut.app.DYNAMIC_RECEIVER_NOT_EXPORTED_PERMISSION"
18-->[androidx.core:core:1.12.0] AndroidManifest.xml:23:9-81
19        android:protectionLevel="signature" />
19-->[androidx.core:core:1.12.0] AndroidManifest.xml:24:9-44
20
21    <uses-permission android:name="com.vonnegut.app.DYNAMIC_RECEIVER_NOT_EXPORTED_PERMISSION" /> <!-- Although the *SdkVersion is captured in gradle build files, this is required for non gradle builds -->
21-->[androidx.core:core:1.12.0] AndroidManifest.xml:26:5-97
21-->[androidx.core:core:1.12.0] AndroidManifest.xml:26:22-94
22    <!-- <uses-sdk android:minSdkVersion="14"/> -->
23    <uses-permission android:name="android.permission.ACCESS_NETWORK_STATE" />
23-->[com.google.android.datatransport:transport-backend-cct:3.1.0] AndroidManifest.xml:25:5-79
23-->[com.google.android.datatransport:transport-backend-cct:3.1.0] AndroidManifest.xml:25:22-76
24
25    <application
25-->src/main/AndroidManifest.xml:9:5-29:19
26        android:name="com.vonnegut.app.VonnegutApplication"
26-->src/main/AndroidManifest.xml:10:9-44
27        android:allowBackup="false"
27-->src/main/AndroidManifest.xml:11:9-36
28        android:appComponentFactory="androidx.core.app.CoreComponentFactory"
28-->[androidx.core:core:1.12.0] AndroidManifest.xml:28:18-86
29        android:debuggable="true"
30        android:extractNativeLibs="false"
31        android:hardwareAccelerated="true"
31-->src/main/AndroidManifest.xml:17:9-43
32        android:icon="@mipmap/ic_launcher"
32-->src/main/AndroidManifest.xml:12:9-43
33        android:label="@string/app_name"
33-->src/main/AndroidManifest.xml:13:9-41
34        android:largeHeap="true"
34-->src/main/AndroidManifest.xml:18:9-33
35        android:roundIcon="@mipmap/ic_launcher_round"
35-->src/main/AndroidManifest.xml:14:9-54
36        android:supportsRtl="true"
36-->src/main/AndroidManifest.xml:15:9-35
37        android:testOnly="true"
38        android:theme="@style/Theme.Vonnegut" >
38-->src/main/AndroidManifest.xml:16:9-46
39        <activity
39-->src/main/AndroidManifest.xml:20:9-28:20
40            android:name="com.vonnegut.app.MainActivity"
40-->src/main/AndroidManifest.xml:21:13-41
41            android:exported="true"
41-->src/main/AndroidManifest.xml:22:13-36
42            android:windowSoftInputMode="adjustResize" >
42-->src/main/AndroidManifest.xml:23:13-55
43            <intent-filter>
43-->src/main/AndroidManifest.xml:24:13-27:29
44                <action android:name="android.intent.action.MAIN" />
44-->src/main/AndroidManifest.xml:25:17-69
44-->src/main/AndroidManifest.xml:25:25-66
45
46                <category android:name="android.intent.category.LAUNCHER" />
46-->src/main/AndroidManifest.xml:26:17-77
46-->src/main/AndroidManifest.xml:26:27-74
47            </intent-filter>
48        </activity>
49
50        <provider
50-->[androidx.emoji2:emoji2:1.2.0] AndroidManifest.xml:24:9-32:20
51            android:name="androidx.startup.InitializationProvider"
51-->[androidx.emoji2:emoji2:1.2.0] AndroidManifest.xml:25:13-67
52            android:authorities="com.vonnegut.app.androidx-startup"
52-->[androidx.emoji2:emoji2:1.2.0] AndroidManifest.xml:26:13-68
53            android:exported="false" >
53-->[androidx.emoji2:emoji2:1.2.0] AndroidManifest.xml:27:13-37
54            <meta-data
54-->[androidx.emoji2:emoji2:1.2.0] AndroidManifest.xml:29:13-31:52
55                android:name="androidx.emoji2.text.EmojiCompatInitializer"
55-->[androidx.emoji2:emoji2:1.2.0] AndroidManifest.xml:30:17-75
56                android:value="androidx.startup" />
56-->[androidx.emoji2:emoji2:1.2.0] AndroidManifest.xml:31:17-49
57            <meta-data
57-->[androidx.lifecycle:lifecycle-process:2.7.0] AndroidManifest.xml:29:13-31:52
58                android:name="androidx.lifecycle.ProcessLifecycleInitializer"
58-->[androidx.lifecycle:lifecycle-process:2.7.0] AndroidManifest.xml:30:17-78
59                android:value="androidx.startup" />
59-->[androidx.lifecycle:lifecycle-process:2.7.0] AndroidManifest.xml:31:17-49
60            <meta-data
60-->[androidx.profileinstaller:profileinstaller:1.3.0] AndroidManifest.xml:29:13-31:52
61                android:name="androidx.profileinstaller.ProfileInstallerInitializer"
61-->[androidx.profileinstaller:profileinstaller:1.3.0] AndroidManifest.xml:30:17-85
62                android:value="androidx.startup" />
62-->[androidx.profileinstaller:profileinstaller:1.3.0] AndroidManifest.xml:31:17-49
63        </provider>
64
65        <uses-library
65-->[androidx.window:window:1.0.0] AndroidManifest.xml:25:9-27:40
66            android:name="androidx.window.extensions"
66-->[androidx.window:window:1.0.0] AndroidManifest.xml:26:13-54
67            android:required="false" />
67-->[androidx.window:window:1.0.0] AndroidManifest.xml:27:13-37
68        <uses-library
68-->[androidx.window:window:1.0.0] AndroidManifest.xml:28:9-30:40
69            android:name="androidx.window.sidecar"
69-->[androidx.window:window:1.0.0] AndroidManifest.xml:29:13-51
70            android:required="false" />
70-->[androidx.window:window:1.0.0] AndroidManifest.xml:30:13-37
71
72        <service
72-->[androidx.room:room-runtime:2.6.1] AndroidManifest.xml:24:9-28:63
73            android:name="androidx.room.MultiInstanceInvalidationService"
73-->[androidx.room:room-runtime:2.6.1] AndroidManifest.xml:25:13-74
74            android:directBootAware="true"
74-->[androidx.room:room-runtime:2.6.1] AndroidManifest.xml:26:13-43
75            android:exported="false" />
75-->[androidx.room:room-runtime:2.6.1] AndroidManifest.xml:27:13-37
76
77        <receiver
77-->[androidx.profileinstaller:profileinstaller:1.3.0] AndroidManifest.xml:34:9-52:20
78            android:name="androidx.profileinstaller.ProfileInstallReceiver"
78-->[androidx.profileinstaller:profileinstaller:1.3.0] AndroidManifest.xml:35:13-76
79            android:directBootAware="false"
79-->[androidx.profileinstaller:profileinstaller:1.3.0] AndroidManifest.xml:36:13-44
80            android:enabled="true"
80-->[androidx.profileinstaller:profileinstaller:1.3.0] AndroidManifest.xml:37:13-35
81            android:exported="true"
81-->[androidx.profileinstaller:profileinstaller:1.3.0] AndroidManifest.xml:38:13-36
82            android:permission="android.permission.DUMP" >
82-->[androidx.profileinstaller:profileinstaller:1.3.0] AndroidManifest.xml:39:13-57
83            <intent-filter>
83-->[androidx.profileinstaller:profileinstaller:1.3.0] AndroidManifest.xml:40:13-42:29
84                <action android:name="androidx.profileinstaller.action.INSTALL_PROFILE" />
84-->[androidx.profileinstaller:profileinstaller:1.3.0] AndroidManifest.xml:41:17-91
84-->[androidx.profileinstaller:profileinstaller:1.3.0] AndroidManifest.xml:41:25-88
85            </intent-filter>
86            <intent-filter>
86-->[androidx.profileinstaller:profileinstaller:1.3.0] AndroidManifest.xml:43:13-45:29
87                <action android:name="androidx.profileinstaller.action.SKIP_FILE" />
87-->[androidx.profileinstaller:profileinstaller:1.3.0] AndroidManifest.xml:44:17-85
87-->[androidx.profileinstaller:profileinstaller:1.3.0] AndroidManifest.xml:44:25-82
88            </intent-filter>
89            <intent-filter>
89-->[androidx.profileinstaller:profileinstaller:1.3.0] AndroidManifest.xml:46:13-48:29
90                <action android:name="androidx.profileinstaller.action.SAVE_PROFILE" />
90-->[androidx.profileinstaller:profileinstaller:1.3.0] AndroidManifest.xml:47:17-88
90-->[androidx.profileinstaller:profileinstaller:1.3.0] AndroidManifest.xml:47:25-85
91            </intent-filter>
92            <intent-filter>
92-->[androidx.profileinstaller:profileinstaller:1.3.0] AndroidManifest.xml:49:13-51:29
93                <action android:name="androidx.profileinstaller.action.BENCHMARK_OPERATION" />
93-->[androidx.profileinstaller:profileinstaller:1.3.0] AndroidManifest.xml:50:17-95
93-->[androidx.profileinstaller:profileinstaller:1.3.0] AndroidManifest.xml:50:25-92
94            </intent-filter>
95        </receiver>
96
97        <service
97-->[com.google.android.datatransport:transport-backend-cct:3.1.0] AndroidManifest.xml:29:9-35:19
98            android:name="com.google.android.datatransport.runtime.backends.TransportBackendDiscovery"
98-->[com.google.android.datatransport:transport-backend-cct:3.1.0] AndroidManifest.xml:30:13-103
99            android:exported="false" >
99-->[com.google.android.datatransport:transport-backend-cct:3.1.0] AndroidManifest.xml:31:13-37
100            <meta-data
100-->[com.google.android.datatransport:transport-backend-cct:3.1.0] AndroidManifest.xml:32:13-34:39
101                android:name="backend:com.google.android.datatransport.cct.CctBackendFactory"
101-->[com.google.android.datatransport:transport-backend-cct:3.1.0] AndroidManifest.xml:33:17-94
102                android:value="cct" />
102-->[com.google.android.datatransport:transport-backend-cct:3.1.0] AndroidManifest.xml:34:17-36
103        </service>
104        <service
104-->[com.google.android.datatransport:transport-runtime:3.1.0] AndroidManifest.xml:26:9-30:19
105            android:name="com.google.android.datatransport.runtime.scheduling.jobscheduling.JobInfoSchedulerService"
105-->[com.google.android.datatransport:transport-runtime:3.1.0] AndroidManifest.xml:27:13-117
106            android:exported="false"
106-->[com.google.android.datatransport:transport-runtime:3.1.0] AndroidManifest.xml:28:13-37
107            android:permission="android.permission.BIND_JOB_SERVICE" >
107-->[com.google.android.datatransport:transport-runtime:3.1.0] AndroidManifest.xml:29:13-69
108        </service>
109
110        <receiver
110-->[com.google.android.datatransport:transport-runtime:3.1.0] AndroidManifest.xml:32:9-34:40
111            android:name="com.google.android.datatransport.runtime.scheduling.jobscheduling.AlarmManagerSchedulerBroadcastReceiver"
111-->[com.google.android.datatransport:transport-runtime:3.1.0] AndroidManifest.xml:33:13-132
112            android:exported="false" />
112-->[com.google.android.datatransport:transport-runtime:3.1.0] AndroidManifest.xml:34:13-37
113    </application>
114
115</manifest>